[0.761s] Invoking command in '/home/rokey/fuel_ws/src/fuel_port_perception': PYTHONPATH=/home/rokey/fuel_ws/build/fuel_port_perception/prefix_override:/usr/lib/python3/dist-packages/colcon_core/task/python/colcon_distutils_commands:/home/rokey/fuel_ws/install/fuel_port_perception/lib/python3.10/site-packages:${PYTHONPATH} /usr/bin/python3 -W ignore:setup.py install is deprecated -W ignore:easy_install command is deprecated setup.py egg_info --egg-base ../../build/fuel_port_perception build --build-base /home/rokey/fuel_ws/build/fuel_port_perception/build install --record /home/rokey/fuel_ws/build/fuel_port_perception/install.log --single-version-externally-managed install_data
[1.029s] running egg_info
[1.031s] writing ../../build/fuel_port_perception/fuel_port_perception.egg-info/PKG-INFO
[1.031s] writing dependency_links to ../../build/fuel_port_perception/fuel_port_perception.egg-info/dependency_links.txt
[1.031s] writing entry points to ../../build/fuel_port_perception/fuel_port_perception.egg-info/entry_points.txt
[1.031s] writing requirements to ../../build/fuel_port_perception/fuel_port_perception.egg-info/requires.txt
[1.032s] writing top-level names to ../../build/fuel_port_perception/fuel_port_perception.egg-info/top_level.txt
[1.034s] reading manifest file '../../build/fuel_port_perception/fuel_port_perception.egg-info/SOURCES.txt'
[1.035s] writing manifest file '../../build/fuel_port_perception/fuel_port_perception.egg-info/SOURCES.txt'
[1.035s] running build
[1.035s] running build_py
[1.035s] copying fuel_port_perception/fuel_port_detector_node.py -> /home/rokey/fuel_ws/build/fuel_port_perception/build/lib/fuel_port_perception
[1.035s] running install
[1.036s] running install_lib
[1.037s] copying /home/rokey/fuel_ws/build/fuel_port_perception/build/lib/fuel_port_perception/fuel_port_detector_node.py -> /home/rokey/fuel_ws/install/fuel_port_perception/lib/python3.10/site-packages/fuel_port_perception
[1.037s] byte-compiling /home/rokey/fuel_ws/install/fuel_port_perception/lib/python3.10/site-packages/fuel_port_perception/fuel_port_detector_node.py to fuel_port_detector_node.cpython-310.pyc
[1.041s] running install_data
[1.041s] running install_egg_info
[1.043s] removing '/home/rokey/fuel_ws/install/fuel_port_perception/lib/python3.10/site-packages/fuel_port_perception-0.0.0-py3.10.egg-info' (and everything under it)
[1.043s] Copying ../../build/fuel_port_perception/fuel_port_perception.egg-info to /home/rokey/fuel_ws/install/fuel_port_perception/lib/python3.10/site-packages/fuel_port_perception-0.0.0-py3.10.egg-info
[1.044s] running install_scripts
[1.065s] Installing fuel_port_detection script to /home/rokey/fuel_ws/install/fuel_port_perception/lib/fuel_port_perception
[1.066s] writing list of installed files to '/home/rokey/fuel_ws/build/fuel_port_perception/install.log'
[1.090s] Invoked command in '/home/rokey/fuel_ws/src/fuel_port_perception' returned '0': PYTHONPATH=/home/rokey/fuel_ws/build/fuel_port_perception/prefix_override:/usr/lib/python3/dist-packages/colcon_core/task/python/colcon_distutils_commands:/home/rokey/fuel_ws/install/fuel_port_perception/lib/python3.10/site-packages:${PYTHONPATH} /usr/bin/python3 -W ignore:setup.py install is deprecated -W ignore:easy_install command is deprecated setup.py egg_info --egg-base ../../build/fuel_port_perception build --build-base /home/rokey/fuel_ws/build/fuel_port_perception/build install --record /home/rokey/fuel_ws/build/fuel_port_perception/install.log --single-version-externally-managed install_data
