[0.224s] Invoking command in '/home/rokey/Desktop/rokey_F4/fuel_port_perception/src/fuel_port_perception': PYTHONPATH=/home/rokey/Desktop/rokey_F4/fuel_port_perception/build/fuel_port_perception/prefix_override:/usr/lib/python3/dist-packages/colcon_core/task/python/colcon_distutils_commands:/home/rokey/Desktop/rokey_F4/fuel_port_perception/install/fuel_port_perception/lib/python3.10/site-packages:${PYTHONPATH} /usr/bin/python3 -W ignore:setup.py install is deprecated -W ignore:easy_install command is deprecated setup.py egg_info --egg-base ../../build/fuel_port_perception build --build-base /home/rokey/Desktop/rokey_F4/fuel_port_perception/build/fuel_port_perception/build install --record /home/rokey/Desktop/rokey_F4/fuel_port_perception/build/fuel_port_perception/install.log --single-version-externally-managed install_data
[0.315s] running egg_info
[0.315s] creating ../../build/fuel_port_perception/fuel_port_perception.egg-info
[0.315s] writing ../../build/fuel_port_perception/fuel_port_perception.egg-info/PKG-INFO
[0.315s] writing dependency_links to ../../build/fuel_port_perception/fuel_port_perception.egg-info/dependency_links.txt
[0.315s] writing entry points to ../../build/fuel_port_perception/fuel_port_perception.egg-info/entry_points.txt
[0.316s] writing requirements to ../../build/fuel_port_perception/fuel_port_perception.egg-info/requires.txt
[0.316s] writing top-level names to ../../build/fuel_port_perception/fuel_port_perception.egg-info/top_level.txt
[0.316s] writing manifest file '../../build/fuel_port_perception/fuel_port_perception.egg-info/SOURCES.txt'
[0.316s] reading manifest file '../../build/fuel_port_perception/fuel_port_perception.egg-info/SOURCES.txt'
[0.316s] writing manifest file '../../build/fuel_port_perception/fuel_port_perception.egg-info/SOURCES.txt'
[0.316s] running build
[0.316s] running build_py
[0.316s] creating /home/rokey/Desktop/rokey_F4/fuel_port_perception/build/fuel_port_perception/build
[0.316s] creating /home/rokey/Desktop/rokey_F4/fuel_port_perception/build/fuel_port_perception/build/lib
[0.316s] creating /home/rokey/Desktop/rokey_F4/fuel_port_perception/build/fuel_port_perception/build/lib/fuel_port_perception
[0.316s] copying fuel_port_perception/__init__.py -> /home/rokey/Desktop/rokey_F4/fuel_port_perception/build/fuel_port_perception/build/lib/fuel_port_perception
[0.317s] copying fuel_port_perception/aruco_marker_detector.py -> /home/rokey/Desktop/rokey_F4/fuel_port_perception/build/fuel_port_perception/build/lib/fuel_port_perception
[0.317s] copying fuel_port_perception/create_aruco_marker_grid_visual_test.py -> /home/rokey/Desktop/rokey_F4/fuel_port_perception/build/fuel_port_perception/build/lib/fuel_port_perception
[0.317s] copying fuel_port_perception/multi_color_detector.py -> /home/rokey/Desktop/rokey_F4/fuel_port_perception/build/fuel_port_perception/build/lib/fuel_port_perception
[0.317s] running install
[0.317s] running install_lib
[0.317s] creating /home/rokey/Desktop/rokey_F4/fuel_port_perception/install/fuel_port_perception/lib/python3.10/site-packages/fuel_port_perception
[0.317s] copying /home/rokey/Desktop/rokey_F4/fuel_port_perception/build/fuel_port_perception/build/lib/fuel_port_perception/__init__.py -> /home/rokey/Desktop/rokey_F4/fuel_port_perception/install/fuel_port_perception/lib/python3.10/site-packages/fuel_port_perception
[0.317s] copying /home/rokey/Desktop/rokey_F4/fuel_port_perception/build/fuel_port_perception/build/lib/fuel_port_perception/aruco_marker_detector.py -> /home/rokey/Desktop/rokey_F4/fuel_port_perception/install/fuel_port_perception/lib/python3.10/site-packages/fuel_port_perception
[0.317s] copying /home/rokey/Desktop/rokey_F4/fuel_port_perception/build/fuel_port_perception/build/lib/fuel_port_perception/create_aruco_marker_grid_visual_test.py -> /home/rokey/Desktop/rokey_F4/fuel_port_perception/install/fuel_port_perception/lib/python3.10/site-packages/fuel_port_perception
[0.317s] copying /home/rokey/Desktop/rokey_F4/fuel_port_perception/build/fuel_port_perception/build/lib/fuel_port_perception/multi_color_detector.py -> /home/rokey/Desktop/rokey_F4/fuel_port_perception/install/fuel_port_perception/lib/python3.10/site-packages/fuel_port_perception
[0.318s] byte-compiling /home/rokey/Desktop/rokey_F4/fuel_port_perception/install/fuel_port_perception/lib/python3.10/site-packages/fuel_port_perception/__init__.py to __init__.cpython-310.pyc
[0.318s] byte-compiling /home/rokey/Desktop/rokey_F4/fuel_port_perception/install/fuel_port_perception/lib/python3.10/site-packages/fuel_port_perception/aruco_marker_detector.py to aruco_marker_detector.cpython-310.pyc
[0.320s] byte-compiling /home/rokey/Desktop/rokey_F4/fuel_port_perception/install/fuel_port_perception/lib/python3.10/site-packages/fuel_port_perception/create_aruco_marker_grid_visual_test.py to create_aruco_marker_grid_visual_test.cpython-310.pyc
[0.320s] byte-compiling /home/rokey/Desktop/rokey_F4/fuel_port_perception/install/fuel_port_perception/lib/python3.10/site-packages/fuel_port_perception/multi_color_detector.py to multi_color_detector.cpython-310.pyc
[0.321s] running install_data
[0.321s] creating /home/rokey/Desktop/rokey_F4/fuel_port_perception/install/fuel_port_perception/share/ament_index
[0.321s] creating /home/rokey/Desktop/rokey_F4/fuel_port_perception/install/fuel_port_perception/share/ament_index/resource_index
[0.321s] creating /home/rokey/Desktop/rokey_F4/fuel_port_perception/install/fuel_port_perception/share/ament_index/resource_index/packages
[0.322s] copying resource/fuel_port_perception -> /home/rokey/Desktop/rokey_F4/fuel_port_perception/install/fuel_port_perception/share/ament_index/resource_index/packages
[0.322s] copying package.xml -> /home/rokey/Desktop/rokey_F4/fuel_port_perception/install/fuel_port_perception/share/fuel_port_perception
[0.322s] creating /home/rokey/Desktop/rokey_F4/fuel_port_perception/install/fuel_port_perception/share/fuel_port_perception/config
[0.322s] copying config/aruco_detector_params_visual_test.yaml -> /home/rokey/Desktop/rokey_F4/fuel_port_perception/install/fuel_port_perception/share/fuel_port_perception/config
[0.322s] running install_egg_info
[0.322s] Copying ../../build/fuel_port_perception/fuel_port_perception.egg-info to /home/rokey/Desktop/rokey_F4/fuel_port_perception/install/fuel_port_perception/lib/python3.10/site-packages/fuel_port_perception-0.0.0-py3.10.egg-info
[0.322s] running install_scripts
[0.332s] Installing aruco_marker_detector script to /home/rokey/Desktop/rokey_F4/fuel_port_perception/install/fuel_port_perception/lib/fuel_port_perception
[0.332s] Installing multi_detector script to /home/rokey/Desktop/rokey_F4/fuel_port_perception/install/fuel_port_perception/lib/fuel_port_perception
[0.332s] writing list of installed files to '/home/rokey/Desktop/rokey_F4/fuel_port_perception/build/fuel_port_perception/install.log'
[0.342s] Invoked command in '/home/rokey/Desktop/rokey_F4/fuel_port_perception/src/fuel_port_perception' returned '0': PYTHONPATH=/home/rokey/Desktop/rokey_F4/fuel_port_perception/build/fuel_port_perception/prefix_override:/usr/lib/python3/dist-packages/colcon_core/task/python/colcon_distutils_commands:/home/rokey/Desktop/rokey_F4/fuel_port_perception/install/fuel_port_perception/lib/python3.10/site-packages:${PYTHONPATH} /usr/bin/python3 -W ignore:setup.py install is deprecated -W ignore:easy_install command is deprecated setup.py egg_info --egg-base ../../build/fuel_port_perception build --build-base /home/rokey/Desktop/rokey_F4/fuel_port_perception/build/fuel_port_perception/build install --record /home/rokey/Desktop/rokey_F4/fuel_port_perception/build/fuel_port_perception/install.log --single-version-externally-managed install_data
