[0.237s] Invoking command in '/home/rokey/Desktop/rokey_F4/fuel_port_perception/src/fuel_port_perception': PYTHONPATH=/home/rokey/Desktop/rokey_F4/fuel_port_perception/build/fuel_port_perception/prefix_override:/usr/lib/python3/dist-packages/colcon_core/task/python/colcon_distutils_commands:/home/rokey/Desktop/rokey_F4/fuel_port_perception/install/fuel_port_perception/lib/python3.10/site-packages:${PYTHONPATH} /usr/bin/python3 -W ignore:setup.py install is deprecated -W ignore:easy_install command is deprecated setup.py egg_info --egg-base ../../build/fuel_port_perception build --build-base /home/rokey/Desktop/rokey_F4/fuel_port_perception/build/fuel_port_perception/build install --record /home/rokey/Desktop/rokey_F4/fuel_port_perception/build/fuel_port_perception/install.log --single-version-externally-managed install_data
[0.322s] running egg_info
[0.323s] writing ../../build/fuel_port_perception/fuel_port_perception.egg-info/PKG-INFO
[0.323s] writing dependency_links to ../../build/fuel_port_perception/fuel_port_perception.egg-info/dependency_links.txt
[0.323s] writing entry points to ../../build/fuel_port_perception/fuel_port_perception.egg-info/entry_points.txt
[0.323s] writing requirements to ../../build/fuel_port_perception/fuel_port_perception.egg-info/requires.txt
[0.323s] writing top-level names to ../../build/fuel_port_perception/fuel_port_perception.egg-info/top_level.txt
[0.324s] reading manifest file '../../build/fuel_port_perception/fuel_port_perception.egg-info/SOURCES.txt'
[0.324s] writing manifest file '../../build/fuel_port_perception/fuel_port_perception.egg-info/SOURCES.txt'
[0.324s] running build
[0.324s] running build_py
[0.324s] copying fuel_port_perception/multi_color_detector.py -> /home/rokey/Desktop/rokey_F4/fuel_port_perception/build/fuel_port_perception/build/lib/fuel_port_perception
[0.324s] running install
[0.325s] running install_lib
[0.325s] copying /home/rokey/Desktop/rokey_F4/fuel_port_perception/build/fuel_port_perception/build/lib/fuel_port_perception/multi_color_detector.py -> /home/rokey/Desktop/rokey_F4/fuel_port_perception/install/fuel_port_perception/lib/python3.10/site-packages/fuel_port_perception
[0.325s] byte-compiling /home/rokey/Desktop/rokey_F4/fuel_port_perception/install/fuel_port_perception/lib/python3.10/site-packages/fuel_port_perception/multi_color_detector.py to multi_color_detector.cpython-310.pyc
[0.327s] running install_data
[0.327s] running install_egg_info
[0.328s] removing '/home/rokey/Desktop/rokey_F4/fuel_port_perception/install/fuel_port_perception/lib/python3.10/site-packages/fuel_port_perception-0.0.0-py3.10.egg-info' (and everything under it)
[0.328s] Copying ../../build/fuel_port_perception/fuel_port_perception.egg-info to /home/rokey/Desktop/rokey_F4/fuel_port_perception/install/fuel_port_perception/lib/python3.10/site-packages/fuel_port_perception-0.0.0-py3.10.egg-info
[0.328s] running install_scripts
[0.337s] Installing fuel_parts_color_detector_node_v1 script to /home/rokey/Desktop/rokey_F4/fuel_port_perception/install/fuel_port_perception/lib/fuel_port_perception
[0.337s] Installing fuel_port_detector script to /home/rokey/Desktop/rokey_F4/fuel_port_perception/install/fuel_port_perception/lib/fuel_port_perception
[0.337s] Installing multi_color_detector_reflected script to /home/rokey/Desktop/rokey_F4/fuel_port_perception/install/fuel_port_perception/lib/fuel_port_perception
[0.337s] Installing multi_detector script to /home/rokey/Desktop/rokey_F4/fuel_port_perception/install/fuel_port_perception/lib/fuel_port_perception
[0.337s] writing list of installed files to '/home/rokey/Desktop/rokey_F4/fuel_port_perception/build/fuel_port_perception/install.log'
[0.347s] Invoked command in '/home/rokey/Desktop/rokey_F4/fuel_port_perception/src/fuel_port_perception' returned '0': PYTHONPATH=/home/rokey/Desktop/rokey_F4/fuel_port_perception/build/fuel_port_perception/prefix_override:/usr/lib/python3/dist-packages/colcon_core/task/python/colcon_distutils_commands:/home/rokey/Desktop/rokey_F4/fuel_port_perception/install/fuel_port_perception/lib/python3.10/site-packages:${PYTHONPATH} /usr/bin/python3 -W ignore:setup.py install is deprecated -W ignore:easy_install command is deprecated setup.py egg_info --egg-base ../../build/fuel_port_perception build --build-base /home/rokey/Desktop/rokey_F4/fuel_port_perception/build/fuel_port_perception/build install --record /home/rokey/Desktop/rokey_F4/fuel_port_perception/build/fuel_port_perception/install.log --single-version-externally-managed install_data
