[0.222s] Invoking command in '/home/rokey/Desktop/rokey_F4/fuel_port_perception/src/fuel_port_perception': PYTHONPATH=/home/rokey/Desktop/rokey_F4/build/fuel_port_perception/prefix_override:/usr/lib/python3/dist-packages/colcon_core/task/python/colcon_distutils_commands:/home/rokey/Desktop/rokey_F4/install/fuel_port_perception/lib/python3.10/site-packages:${PYTHONPATH} /usr/bin/python3 -W ignore:setup.py install is deprecated -W ignore:easy_install command is deprecated setup.py egg_info --egg-base ../../../build/fuel_port_perception build --build-base /home/rokey/Desktop/rokey_F4/build/fuel_port_perception/build install --record /home/rokey/Desktop/rokey_F4/build/fuel_port_perception/install.log --single-version-externally-managed install_data
[0.307s] running egg_info
[0.307s] writing ../../../build/fuel_port_perception/fuel_port_perception.egg-info/PKG-INFO
[0.307s] writing dependency_links to ../../../build/fuel_port_perception/fuel_port_perception.egg-info/dependency_links.txt
[0.307s] writing entry points to ../../../build/fuel_port_perception/fuel_port_perception.egg-info/entry_points.txt
[0.307s] writing requirements to ../../../build/fuel_port_perception/fuel_port_perception.egg-info/requires.txt
[0.308s] writing top-level names to ../../../build/fuel_port_perception/fuel_port_perception.egg-info/top_level.txt
[0.308s] reading manifest file '../../../build/fuel_port_perception/fuel_port_perception.egg-info/SOURCES.txt'
[0.308s] writing manifest file '../../../build/fuel_port_perception/fuel_port_perception.egg-info/SOURCES.txt'
[0.308s] running build
[0.308s] running build_py
[0.309s] running install
[0.309s] running install_lib
[0.309s] running install_data
[0.310s] running install_egg_info
[0.310s] removing '/home/rokey/Desktop/rokey_F4/install/fuel_port_perception/lib/python3.10/site-packages/fuel_port_perception-0.0.0-py3.10.egg-info' (and everything under it)
[0.310s] Copying ../../../build/fuel_port_perception/fuel_port_perception.egg-info to /home/rokey/Desktop/rokey_F4/install/fuel_port_perception/lib/python3.10/site-packages/fuel_port_perception-0.0.0-py3.10.egg-info
[0.311s] running install_scripts
[0.319s] Installing aruco_marker_detector script to /home/rokey/Desktop/rokey_F4/install/fuel_port_perception/lib/fuel_port_perception
[0.319s] Installing multi_detector script to /home/rokey/Desktop/rokey_F4/install/fuel_port_perception/lib/fuel_port_perception
[0.320s] writing list of installed files to '/home/rokey/Desktop/rokey_F4/build/fuel_port_perception/install.log'
[0.330s] Invoked command in '/home/rokey/Desktop/rokey_F4/fuel_port_perception/src/fuel_port_perception' returned '0': PYTHONPATH=/home/rokey/Desktop/rokey_F4/build/fuel_port_perception/prefix_override:/usr/lib/python3/dist-packages/colcon_core/task/python/colcon_distutils_commands:/home/rokey/Desktop/rokey_F4/install/fuel_port_perception/lib/python3.10/site-packages:${PYTHONPATH} /usr/bin/python3 -W ignore:setup.py install is deprecated -W ignore:easy_install command is deprecated setup.py egg_info --egg-base ../../../build/fuel_port_perception build --build-base /home/rokey/Desktop/rokey_F4/build/fuel_port_perception/build install --record /home/rokey/Desktop/rokey_F4/build/fuel_port_perception/install.log --single-version-externally-managed install_data
