[0.240s] Invoking command in '/home/rokey/Desktop/rokey_F4/fuel_port_perception/src/fuel_port_perception': PYTHONPATH=/home/rokey/Desktop/rokey_F4/build/fuel_port_perception/prefix_override:/usr/lib/python3/dist-packages/colcon_core/task/python/colcon_distutils_commands:/home/rokey/Desktop/rokey_F4/install/fuel_port_perception/lib/python3.10/site-packages:${PYTHONPATH} /usr/bin/python3 -W ignore:setup.py install is deprecated -W ignore:easy_install command is deprecated setup.py egg_info --egg-base ../../../build/fuel_port_perception build --build-base /home/rokey/Desktop/rokey_F4/build/fuel_port_perception/build install --record /home/rokey/Desktop/rokey_F4/build/fuel_port_perception/install.log --single-version-externally-managed install_data
[0.328s] running egg_info
[0.328s] creating ../../../build/fuel_port_perception/fuel_port_perception.egg-info
[0.328s] writing ../../../build/fuel_port_perception/fuel_port_perception.egg-info/PKG-INFO
[0.328s] writing dependency_links to ../../../build/fuel_port_perception/fuel_port_perception.egg-info/dependency_links.txt
[0.328s] writing entry points to ../../../build/fuel_port_perception/fuel_port_perception.egg-info/entry_points.txt
[0.328s] writing requirements to ../../../build/fuel_port_perception/fuel_port_perception.egg-info/requires.txt
[0.328s] writing top-level names to ../../../build/fuel_port_perception/fuel_port_perception.egg-info/top_level.txt
[0.328s] writing manifest file '../../../build/fuel_port_perception/fuel_port_perception.egg-info/SOURCES.txt'
[0.328s] reading manifest file '../../../build/fuel_port_perception/fuel_port_perception.egg-info/SOURCES.txt'
[0.328s] writing manifest file '../../../build/fuel_port_perception/fuel_port_perception.egg-info/SOURCES.txt'
[0.328s] running build
[0.328s] running build_py
[0.328s] creating /home/rokey/Desktop/rokey_F4/build/fuel_port_perception/build
[0.329s] creating /home/rokey/Desktop/rokey_F4/build/fuel_port_perception/build/lib
[0.329s] creating /home/rokey/Desktop/rokey_F4/build/fuel_port_perception/build/lib/fuel_port_perception
[0.329s] copying fuel_port_perception/__init__.py -> /home/rokey/Desktop/rokey_F4/build/fuel_port_perception/build/lib/fuel_port_perception
[0.329s] copying fuel_port_perception/aruco_marker_detector.py -> /home/rokey/Desktop/rokey_F4/build/fuel_port_perception/build/lib/fuel_port_perception
[0.329s] copying fuel_port_perception/create_aruco_marker_grid_visual_test.py -> /home/rokey/Desktop/rokey_F4/build/fuel_port_perception/build/lib/fuel_port_perception
[0.329s] copying fuel_port_perception/multi_color_detector.py -> /home/rokey/Desktop/rokey_F4/build/fuel_port_perception/build/lib/fuel_port_perception
[0.331s] running install
[0.331s] running install_lib
[0.332s] creating /home/rokey/Desktop/rokey_F4/install/fuel_port_perception/lib/python3.10/site-packages/fuel_port_perception
[0.332s] copying /home/rokey/Desktop/rokey_F4/build/fuel_port_perception/build/lib/fuel_port_perception/__init__.py -> /home/rokey/Desktop/rokey_F4/install/fuel_port_perception/lib/python3.10/site-packages/fuel_port_perception
[0.332s] copying /home/rokey/Desktop/rokey_F4/build/fuel_port_perception/build/lib/fuel_port_perception/aruco_marker_detector.py -> /home/rokey/Desktop/rokey_F4/install/fuel_port_perception/lib/python3.10/site-packages/fuel_port_perception
[0.332s] copying /home/rokey/Desktop/rokey_F4/build/fuel_port_perception/build/lib/fuel_port_perception/create_aruco_marker_grid_visual_test.py -> /home/rokey/Desktop/rokey_F4/install/fuel_port_perception/lib/python3.10/site-packages/fuel_port_perception
[0.332s] copying /home/rokey/Desktop/rokey_F4/build/fuel_port_perception/build/lib/fuel_port_perception/multi_color_detector.py -> /home/rokey/Desktop/rokey_F4/install/fuel_port_perception/lib/python3.10/site-packages/fuel_port_perception
[0.332s] byte-compiling /home/rokey/Desktop/rokey_F4/install/fuel_port_perception/lib/python3.10/site-packages/fuel_port_perception/__init__.py to __init__.cpython-310.pyc
[0.332s] byte-compiling /home/rokey/Desktop/rokey_F4/install/fuel_port_perception/lib/python3.10/site-packages/fuel_port_perception/aruco_marker_detector.py to aruco_marker_detector.cpython-310.pyc
[0.334s] byte-compiling /home/rokey/Desktop/rokey_F4/install/fuel_port_perception/lib/python3.10/site-packages/fuel_port_perception/create_aruco_marker_grid_visual_test.py to create_aruco_marker_grid_visual_test.cpython-310.pyc
[0.334s] byte-compiling /home/rokey/Desktop/rokey_F4/install/fuel_port_perception/lib/python3.10/site-packages/fuel_port_perception/multi_color_detector.py to multi_color_detector.cpython-310.pyc
[0.334s] running install_data
[0.334s] creating /home/rokey/Desktop/rokey_F4/install/fuel_port_perception/share/ament_index
[0.334s] creating /home/rokey/Desktop/rokey_F4/install/fuel_port_perception/share/ament_index/resource_index
[0.334s] creating /home/rokey/Desktop/rokey_F4/install/fuel_port_perception/share/ament_index/resource_index/packages
[0.334s] copying resource/fuel_port_perception -> /home/rokey/Desktop/rokey_F4/install/fuel_port_perception/share/ament_index/resource_index/packages
[0.334s] copying package.xml -> /home/rokey/Desktop/rokey_F4/install/fuel_port_perception/share/fuel_port_perception
[0.335s] creating /home/rokey/Desktop/rokey_F4/install/fuel_port_perception/share/fuel_port_perception/config
[0.335s] copying config/aruco_detector_params_visual_test.yaml -> /home/rokey/Desktop/rokey_F4/install/fuel_port_perception/share/fuel_port_perception/config
[0.338s] running install_egg_info
[0.338s] Copying ../../../build/fuel_port_perception/fuel_port_perception.egg-info to /home/rokey/Desktop/rokey_F4/install/fuel_port_perception/lib/python3.10/site-packages/fuel_port_perception-0.0.0-py3.10.egg-info
[0.338s] running install_scripts
[0.343s] Installing aruco_marker_detector script to /home/rokey/Desktop/rokey_F4/install/fuel_port_perception/lib/fuel_port_perception
[0.344s] Installing multi_detector script to /home/rokey/Desktop/rokey_F4/install/fuel_port_perception/lib/fuel_port_perception
[0.344s] writing list of installed files to '/home/rokey/Desktop/rokey_F4/build/fuel_port_perception/install.log'
[0.354s] Invoked command in '/home/rokey/Desktop/rokey_F4/fuel_port_perception/src/fuel_port_perception' returned '0': PYTHONPATH=/home/rokey/Desktop/rokey_F4/build/fuel_port_perception/prefix_override:/usr/lib/python3/dist-packages/colcon_core/task/python/colcon_distutils_commands:/home/rokey/Desktop/rokey_F4/install/fuel_port_perception/lib/python3.10/site-packages:${PYTHONPATH} /usr/bin/python3 -W ignore:setup.py install is deprecated -W ignore:easy_install command is deprecated setup.py egg_info --egg-base ../../../build/fuel_port_perception build --build-base /home/rokey/Desktop/rokey_F4/build/fuel_port_perception/build install --record /home/rokey/Desktop/rokey_F4/build/fuel_port_perception/install.log --single-version-externally-managed install_data
