[0.225s] Invoking command in '/home/rokey/Desktop/rokey_F4/fuel_port_perception/src/fuel_port_perception': PYTHONPATH=/home/rokey/Desktop/rokey_F4/fuel_port_perception/build/fuel_port_perception/prefix_override:/usr/lib/python3/dist-packages/colcon_core/task/python/colcon_distutils_commands:/home/rokey/Desktop/rokey_F4/fuel_port_perception/install/fuel_port_perception/lib/python3.10/site-packages:${PYTHONPATH} /usr/bin/python3 -W ignore:setup.py install is deprecated -W ignore:easy_install command is deprecated setup.py egg_info --egg-base ../../build/fuel_port_perception build --build-base /home/rokey/Desktop/rokey_F4/fuel_port_perception/build/fuel_port_perception/build install --record /home/rokey/Desktop/rokey_F4/fuel_port_perception/build/fuel_port_perception/install.log --single-version-externally-managed install_data
[0.312s] running egg_info
[0.312s] writing ../../build/fuel_port_perception/fuel_port_perception.egg-info/PKG-INFO
[0.312s] writing dependency_links to ../../build/fuel_port_perception/fuel_port_perception.egg-info/dependency_links.txt
[0.313s] writing entry points to ../../build/fuel_port_perception/fuel_port_perception.egg-info/entry_points.txt
[0.313s] writing requirements to ../../build/fuel_port_perception/fuel_port_perception.egg-info/requires.txt
[0.313s] writing top-level names to ../../build/fuel_port_perception/fuel_port_perception.egg-info/top_level.txt
[0.313s] reading manifest file '../../build/fuel_port_perception/fuel_port_perception.egg-info/SOURCES.txt'
[0.314s] writing manifest file '../../build/fuel_port_perception/fuel_port_perception.egg-info/SOURCES.txt'
[0.314s] running build
[0.314s] running build_py
[0.314s] running install
[0.314s] running install_lib
[0.314s] running install_data
[0.314s] running install_egg_info
[0.315s] removing '/home/rokey/Desktop/rokey_F4/fuel_port_perception/install/fuel_port_perception/lib/python3.10/site-packages/fuel_port_perception-0.0.0-py3.10.egg-info' (and everything under it)
[0.315s] Copying ../../build/fuel_port_perception/fuel_port_perception.egg-info to /home/rokey/Desktop/rokey_F4/fuel_port_perception/install/fuel_port_perception/lib/python3.10/site-packages/fuel_port_perception-0.0.0-py3.10.egg-info
[0.316s] running install_scripts
[0.325s] Installing fuel_parts_color_detector_node_v1 script to /home/rokey/Desktop/rokey_F4/fuel_port_perception/install/fuel_port_perception/lib/fuel_port_perception
[0.325s] Installing fuel_port_detector script to /home/rokey/Desktop/rokey_F4/fuel_port_perception/install/fuel_port_perception/lib/fuel_port_perception
[0.325s] Installing multi_detector script to /home/rokey/Desktop/rokey_F4/fuel_port_perception/install/fuel_port_perception/lib/fuel_port_perception
[0.325s] writing list of installed files to '/home/rokey/Desktop/rokey_F4/fuel_port_perception/build/fuel_port_perception/install.log'
[0.336s] Invoked command in '/home/rokey/Desktop/rokey_F4/fuel_port_perception/src/fuel_port_perception' returned '0': PYTHONPATH=/home/rokey/Desktop/rokey_F4/fuel_port_perception/build/fuel_port_perception/prefix_override:/usr/lib/python3/dist-packages/colcon_core/task/python/colcon_distutils_commands:/home/rokey/Desktop/rokey_F4/fuel_port_perception/install/fuel_port_perception/lib/python3.10/site-packages:${PYTHONPATH} /usr/bin/python3 -W ignore:setup.py install is deprecated -W ignore:easy_install command is deprecated setup.py egg_info --egg-base ../../build/fuel_port_perception build --build-base /home/rokey/Desktop/rokey_F4/fuel_port_perception/build/fuel_port_perception/build install --record /home/rokey/Desktop/rokey_F4/fuel_port_perception/build/fuel_port_perception/install.log --single-version-externally-managed install_data
